<?xml version="1.0" encoding="UTF-8"?>
<testsuite name="VmTest" tests="1" skipped="0" failures="0" errors="0" timestamp="2016-07-04T15:26:22" hostname="HvanMachine" time="0.009">
  <properties/>
  <testcase name="helloworld" classname="VmTest" time="0.009"/>
  <system-out><![CDATA[Hello World!
]]></system-out>
  <system-err><![CDATA[]]></system-err>
</testsuite>
