<?xml version="1.0" encoding="UTF-8"?>
<testsuite name="VmTest" tests="2" skipped="0" failures="0" errors="0" timestamp="2016-07-05T01:42:37" hostname="HvanMachine" time="0.042">
  <properties/>
  <testcase name="helloworld" classname="VmTest" time="0.036"/>
  <testcase name="div" classname="VmTest" time="0.005"/>
  <system-out><![CDATA[Hello World!
?]]></system-out>
  <system-err><![CDATA[]]></system-err>
</testsuite>
